<?xml version="1.0" encoding="UTF-8"?>
<testng-results ignored="0" total="19" passed="19" failed="0" skipped="0">
  <reporter-output>
  </reporter-output>
  <suite started-at="2022-06-19T16:05:29Z" name="JavaBD" finished-at="2022-06-19T16:05:29Z" duration-ms="509">
    <groups>
    </groups>
    <test started-at="2022-06-19T16:05:29Z" name="model.dao.LivroDAOTest" finished-at="2022-06-19T16:05:29Z" duration-ms="256">
      <class name="model.dao.LivroDAOTest">
        <test-method signature="testFazDevolucao()" started-at="2022-06-19T16:05:29Z" name="testFazDevolucao" finished-at="2022-06-19T16:05:29Z" duration-ms="177" status="PASS">
          <reporter-output>
          </reporter-output>
        </test-method> <!-- testFazDevolucao -->
        <test-method signature="testBuscaLivros()" started-at="2022-06-19T16:05:29Z" name="testBuscaLivros" finished-at="2022-06-19T16:05:29Z" duration-ms="160" status="PASS">
          <reporter-output>
          </reporter-output>
        </test-method> <!-- testBuscaLivros -->
        <test-method signature="testRead()" started-at="2022-06-19T16:05:29Z" name="testRead" finished-at="2022-06-19T16:05:29Z" duration-ms="154" status="PASS">
          <reporter-output>
          </reporter-output>
        </test-method> <!-- testRead -->
        <test-method signature="testAlteraInformacoesEmprestimo()" started-at="2022-06-19T16:05:29Z" name="testAlteraInformacoesEmprestimo" finished-at="2022-06-19T16:05:29Z" duration-ms="156" status="PASS">
          <reporter-output>
          </reporter-output>
        </test-method> <!-- testAlteraInformacoesEmprestimo -->
        <test-method signature="testDelete()" started-at="2022-06-19T16:05:29Z" name="testDelete" finished-at="2022-06-19T16:05:29Z" duration-ms="192" status="PASS">
          <reporter-output>
          </reporter-output>
        </test-method> <!-- testDelete -->
        <test-method signature="testUpdate()" started-at="2022-06-19T16:05:29Z" name="testUpdate" finished-at="2022-06-19T16:05:29Z" duration-ms="198" status="PASS">
          <reporter-output>
          </reporter-output>
        </test-method> <!-- testUpdate -->
        <test-method signature="testBuscaLivrosID()" started-at="2022-06-19T16:05:29Z" name="testBuscaLivrosID" finished-at="2022-06-19T16:05:29Z" duration-ms="187" status="PASS">
          <reporter-output>
          </reporter-output>
        </test-method> <!-- testBuscaLivrosID -->
        <test-method signature="testCreate()" started-at="2022-06-19T16:05:29Z" name="testCreate" finished-at="2022-06-19T16:05:29Z" duration-ms="189" status="PASS">
          <reporter-output>
          </reporter-output>
        </test-method> <!-- testCreate -->
        <test-method signature="testReadIndisponivel()" started-at="2022-06-19T16:05:29Z" name="testReadIndisponivel" finished-at="2022-06-19T16:05:29Z" duration-ms="195" status="PASS">
          <reporter-output>
          </reporter-output>
        </test-method> <!-- testReadIndisponivel -->
        <test-method signature="testFazEmprestimo()" started-at="2022-06-19T16:05:29Z" name="testFazEmprestimo" finished-at="2022-06-19T16:05:29Z" duration-ms="162" status="PASS">
          <reporter-output>
          </reporter-output>
        </test-method> <!-- testFazEmprestimo -->
      </class> <!-- model.dao.LivroDAOTest -->
    </test> <!-- model.dao.LivroDAOTest -->
    <test started-at="2022-06-19T16:05:29Z" name="model.dao.UsuarioDAOTest" finished-at="2022-06-19T16:05:29Z" duration-ms="20">
      <class name="model.dao.UsuarioDAOTest">
        <test-method signature="testUpdateSenhaSemInformar()" started-at="2022-06-19T16:05:29Z" name="testUpdateSenhaSemInformar" finished-at="2022-06-19T16:05:29Z" duration-ms="5" status="PASS">
          <reporter-output>
          </reporter-output>
        </test-method> <!-- testUpdateSenhaSemInformar -->
        <test-method signature="testBuscaUsuarioPorEmaileCPF()" started-at="2022-06-19T16:05:29Z" name="testBuscaUsuarioPorEmaileCPF" finished-at="2022-06-19T16:05:29Z" duration-ms="10" status="PASS">
          <reporter-output>
          </reporter-output>
        </test-method> <!-- testBuscaUsuarioPorEmaileCPF -->
        <test-method signature="testUpdateSenha()" started-at="2022-06-19T16:05:29Z" name="testUpdateSenha" finished-at="2022-06-19T16:05:29Z" duration-ms="6" status="PASS">
          <reporter-output>
          </reporter-output>
        </test-method> <!-- testUpdateSenha -->
        <test-method signature="testCreate()" started-at="2022-06-19T16:05:29Z" name="testCreate" finished-at="2022-06-19T16:05:29Z" duration-ms="12" status="PASS">
          <reporter-output>
          </reporter-output>
        </test-method> <!-- testCreate -->
        <test-method signature="testBuscaTodosUsuarios()" started-at="2022-06-19T16:05:29Z" name="testBuscaTodosUsuarios" finished-at="2022-06-19T16:05:29Z" duration-ms="8" status="PASS">
          <reporter-output>
          </reporter-output>
        </test-method> <!-- testBuscaTodosUsuarios -->
        <test-method signature="testBuscaUsuarioPorEmail()" started-at="2022-06-19T16:05:29Z" name="testBuscaUsuarioPorEmail" finished-at="2022-06-19T16:05:29Z" duration-ms="17" status="PASS">
          <reporter-output>
          </reporter-output>
        </test-method> <!-- testBuscaUsuarioPorEmail -->
      </class> <!-- model.dao.UsuarioDAOTest -->
    </test> <!-- model.dao.UsuarioDAOTest -->
    <test started-at="2022-06-19T16:05:29Z" name="view.TelaCadastroLivrosTest" finished-at="2022-06-19T16:05:29Z" duration-ms="0">
      <class name="view.TelaCadastroLivrosTest">
        <test-method signature="testReadJtable()" started-at="2022-06-19T16:05:29Z" name="testReadJtable" finished-at="2022-06-19T16:05:29Z" duration-ms="0" status="PASS">
          <reporter-output>
          </reporter-output>
        </test-method> <!-- testReadJtable -->
        <test-method signature="testMain()" started-at="2022-06-19T16:05:29Z" name="testMain" finished-at="2022-06-19T16:05:29Z" duration-ms="0" status="PASS">
          <reporter-output>
          </reporter-output>
        </test-method> <!-- testMain -->
      </class> <!-- view.TelaCadastroLivrosTest -->
    </test> <!-- view.TelaCadastroLivrosTest -->
    <test started-at="2022-06-19T16:05:29Z" name="view.TelaCarrinhoTest" finished-at="2022-06-19T16:05:29Z" duration-ms="180">
      <class name="view.TelaCarrinhoTest">
        <test-method signature="testAdd()" started-at="2022-06-19T16:05:29Z" name="testAdd" finished-at="2022-06-19T16:05:29Z" duration-ms="179" status="PASS">
          <reporter-output>
          </reporter-output>
        </test-method> <!-- testAdd -->
      </class> <!-- view.TelaCarrinhoTest -->
    </test> <!-- view.TelaCarrinhoTest -->
  </suite> <!-- JavaBD -->
</testng-results>
