<?xml version="1.0" encoding="UTF-8"?>
<testng-results ignored="0" total="13" passed="13" failed="0" skipped="0">
  <reporter-output>
  </reporter-output>
  <suite started-at="2022-06-19T02:28:20Z" name="JavaBD" finished-at="2022-06-19T02:28:21Z" duration-ms="494">
    <groups>
    </groups>
    <test started-at="2022-06-19T02:28:20Z" name="model.dao.LivroDAOTest" finished-at="2022-06-19T02:28:20Z" duration-ms="136">
      <class name="model.dao.LivroDAOTest">
        <test-method signature="testFazDevolucao()" started-at="2022-06-19T02:28:20Z" name="testFazDevolucao" finished-at="2022-06-19T02:28:20Z" duration-ms="44" status="PASS">
          <reporter-output>
          </reporter-output>
        </test-method> <!-- testFazDevolucao -->
        <test-method signature="testRead()" started-at="2022-06-19T02:28:20Z" name="testRead" finished-at="2022-06-19T02:28:20Z" duration-ms="25" status="PASS">
          <reporter-output>
          </reporter-output>
        </test-method> <!-- testRead -->
        <test-method signature="testAlteraInformacoesEmprestimo()" started-at="2022-06-19T02:28:20Z" name="testAlteraInformacoesEmprestimo" finished-at="2022-06-19T02:28:20Z" duration-ms="25" status="PASS">
          <reporter-output>
          </reporter-output>
        </test-method> <!-- testAlteraInformacoesEmprestimo -->
        <test-method signature="testBuscaLivros()" started-at="2022-06-19T02:28:20Z" name="testBuscaLivros" finished-at="2022-06-19T02:28:20Z" duration-ms="25" status="PASS">
          <reporter-output>
          </reporter-output>
        </test-method> <!-- testBuscaLivros -->
        <test-method signature="testFazEmprestimo()" started-at="2022-06-19T02:28:20Z" name="testFazEmprestimo" finished-at="2022-06-19T02:28:20Z" duration-ms="24" status="PASS">
          <reporter-output>
          </reporter-output>
        </test-method> <!-- testFazEmprestimo -->
        <test-method signature="testCreate()" started-at="2022-06-19T02:28:20Z" name="testCreate" finished-at="2022-06-19T02:28:20Z" duration-ms="26" status="PASS">
          <reporter-output>
          </reporter-output>
        </test-method> <!-- testCreate -->
        <test-method signature="testBuscaLivrosID()" started-at="2022-06-19T02:28:20Z" name="testBuscaLivrosID" finished-at="2022-06-19T02:28:20Z" duration-ms="25" status="PASS">
          <reporter-output>
          </reporter-output>
        </test-method> <!-- testBuscaLivrosID -->
        <test-method signature="testDelete()" started-at="2022-06-19T02:28:20Z" name="testDelete" finished-at="2022-06-19T02:28:20Z" duration-ms="26" status="PASS">
          <reporter-output>
          </reporter-output>
        </test-method> <!-- testDelete -->
        <test-method signature="testReadIndisponivel()" started-at="2022-06-19T02:28:20Z" name="testReadIndisponivel" finished-at="2022-06-19T02:28:20Z" duration-ms="26" status="PASS">
          <reporter-output>
          </reporter-output>
        </test-method> <!-- testReadIndisponivel -->
        <test-method signature="testUpdate()" started-at="2022-06-19T02:28:20Z" name="testUpdate" finished-at="2022-06-19T02:28:20Z" duration-ms="26" status="PASS">
          <reporter-output>
          </reporter-output>
        </test-method> <!-- testUpdate -->
      </class> <!-- model.dao.LivroDAOTest -->
    </test> <!-- model.dao.LivroDAOTest -->
    <test started-at="2022-06-19T02:28:20Z" name="model.dao.UsuarioDAOTest" finished-at="2022-06-19T02:28:21Z" duration-ms="290">
      <class name="model.dao.UsuarioDAOTest">
        <test-method signature="testBuscaUsuarioPorEmail()" started-at="2022-06-19T02:28:20Z" name="testBuscaUsuarioPorEmail" finished-at="2022-06-19T02:28:21Z" duration-ms="284" status="PASS">
          <reporter-output>
          </reporter-output>
        </test-method> <!-- testBuscaUsuarioPorEmail -->
      </class> <!-- model.dao.UsuarioDAOTest -->
    </test> <!-- model.dao.UsuarioDAOTest -->
    <test started-at="2022-06-19T02:28:21Z" name="view.TelaCadastroLivrosTest" finished-at="2022-06-19T02:28:21Z" duration-ms="3">
      <class name="view.TelaCadastroLivrosTest">
        <test-method signature="testReadJtable()" started-at="2022-06-19T02:28:21Z" name="testReadJtable" finished-at="2022-06-19T02:28:21Z" duration-ms="1" status="PASS">
          <reporter-output>
          </reporter-output>
        </test-method> <!-- testReadJtable -->
        <test-method signature="testMain()" started-at="2022-06-19T02:28:21Z" name="testMain" finished-at="2022-06-19T02:28:21Z" duration-ms="1" status="PASS">
          <reporter-output>
          </reporter-output>
        </test-method> <!-- testMain -->
      </class> <!-- view.TelaCadastroLivrosTest -->
    </test> <!-- view.TelaCadastroLivrosTest -->
  </suite> <!-- JavaBD -->
</testng-results>
